"gcc -fdeclspec -o conftest -I/Users/manjeet/.rvm/rubies/ruby-3.0.0/include/ruby-3.0.0/x86_64-darwin20 -I/Users/manjeet/.rvm/rubies/ruby-3.0.0/include/ruby-3.0.0/ruby/backward -I/Users/manjeet/.rvm/rubies/ruby-3.0.0/include/ruby-3.0.0 -I. -D_XOPEN_SOURCE -D_DARWIN_C_SOURCE -D_DARWIN_UNLIMITED_SELECT -D_REENTRANT   -O3 -I/usr/local/opt/libyaml/include -I/usr/local/opt/libksba/include -I/usr/local/opt/readline/include -I/usr/local/opt/zlib/include -I/usr/local/opt/openssl@1.1/include -fno-common -pipe conftest.c  -L. -L/Users/manjeet/.rvm/rubies/ruby-3.0.0/lib -L. -L/usr/local/opt/libyaml/lib -L/usr/local/opt/libksba/lib -L/usr/local/opt/readline/lib -L/usr/local/opt/zlib/lib -L/usr/local/opt/openssl@1.1/lib -fstack-protector-strong -L/usr/local/lib     -lruby.3.0   "
checked program was:
/* begin */
1: #include "ruby.h"
2: 
3: int main(int argc, char **argv)
4: {
5:   return !!argv[argc];
6: }
/* end */

"gcc -fdeclspec -I/Users/manjeet/.rvm/rubies/ruby-3.0.0/include/ruby-3.0.0/x86_64-darwin20 -I/Users/manjeet/.rvm/rubies/ruby-3.0.0/include/ruby-3.0.0/ruby/backward -I/Users/manjeet/.rvm/rubies/ruby-3.0.0/include/ruby-3.0.0 -I. -D_XOPEN_SOURCE -D_DARWIN_C_SOURCE -D_DARWIN_UNLIMITED_SELECT -D_REENTRANT   -O3 -I/usr/local/opt/libyaml/include -I/usr/local/opt/libksba/include -I/usr/local/opt/readline/include -I/usr/local/opt/zlib/include -I/usr/local/opt/openssl@1.1/include -fno-common -pipe   -c conftest.c"
conftest.c:5:3: error: 
# error
  ^
conftest.c:6:1: error: expected identifier or '('
|:/ === _WIN32 undefined === /:|
^
2 errors generated.
checked program was:
/* begin */
1: #include "ruby.h"
2: 
3: /*top*/
4: #ifndef _WIN32
5: # error
6: |:/ === _WIN32 undefined === /:|
7: #endif
/* end */

have_header: checking for termios.h... -------------------- yes

"gcc -E -I/Users/manjeet/.rvm/rubies/ruby-3.0.0/include/ruby-3.0.0/x86_64-darwin20 -I/Users/manjeet/.rvm/rubies/ruby-3.0.0/include/ruby-3.0.0/ruby/backward -I/Users/manjeet/.rvm/rubies/ruby-3.0.0/include/ruby-3.0.0 -I. -D_XOPEN_SOURCE -D_DARWIN_C_SOURCE -D_DARWIN_UNLIMITED_SELECT -D_REENTRANT   -O3 -I/usr/local/opt/libyaml/include -I/usr/local/opt/libksba/include -I/usr/local/opt/readline/include -I/usr/local/opt/zlib/include -I/usr/local/opt/openssl@1.1/include -fno-common -pipe  conftest.c -o conftest.i"
checked program was:
/* begin */
1: #include "ruby.h"
2: 
3: #include <termios.h>
/* end */

--------------------

have_func: checking for cfmakeraw() in termios.h... -------------------- yes

"gcc -fdeclspec -o conftest -I/Users/manjeet/.rvm/rubies/ruby-3.0.0/include/ruby-3.0.0/x86_64-darwin20 -I/Users/manjeet/.rvm/rubies/ruby-3.0.0/include/ruby-3.0.0/ruby/backward -I/Users/manjeet/.rvm/rubies/ruby-3.0.0/include/ruby-3.0.0 -I. -D_XOPEN_SOURCE -D_DARWIN_C_SOURCE -D_DARWIN_UNLIMITED_SELECT -D_REENTRANT   -O3 -I/usr/local/opt/libyaml/include -I/usr/local/opt/libksba/include -I/usr/local/opt/readline/include -I/usr/local/opt/zlib/include -I/usr/local/opt/openssl@1.1/include -fno-common -pipe conftest.c  -L. -L/Users/manjeet/.rvm/rubies/ruby-3.0.0/lib -L. -L/usr/local/opt/libyaml/lib -L/usr/local/opt/libksba/lib -L/usr/local/opt/readline/lib -L/usr/local/opt/zlib/lib -L/usr/local/opt/openssl@1.1/lib -fstack-protector-strong -L/usr/local/lib     -lruby.3.0   "
checked program was:
/* begin */
 1: #include "ruby.h"
 2: 
 3: #include <termios.h>
 4: 
 5: /*top*/
 6: extern int t(void);
 7: int main(int argc, char **argv)
 8: {
 9:   if (argc > 1000000) {
10:     int (* volatile tp)(void)=(int (*)(void))&t;
11:     printf("%d", (*tp)());
12:   }
13: 
14:   return !!argv[argc];
15: }
16: int t(void) { void ((*volatile p)()); p = (void ((*)()))cfmakeraw; return !p; }
/* end */

--------------------

have_header: checking for sys/ioctl.h... -------------------- yes

"gcc -E -I/Users/manjeet/.rvm/rubies/ruby-3.0.0/include/ruby-3.0.0/x86_64-darwin20 -I/Users/manjeet/.rvm/rubies/ruby-3.0.0/include/ruby-3.0.0/ruby/backward -I/Users/manjeet/.rvm/rubies/ruby-3.0.0/include/ruby-3.0.0 -I. -D_XOPEN_SOURCE -D_DARWIN_C_SOURCE -D_DARWIN_UNLIMITED_SELECT -D_REENTRANT   -O3 -I/usr/local/opt/libyaml/include -I/usr/local/opt/libksba/include -I/usr/local/opt/readline/include -I/usr/local/opt/zlib/include -I/usr/local/opt/openssl@1.1/include -fno-common -pipe  conftest.c -o conftest.i"
checked program was:
/* begin */
1: #include "ruby.h"
2: 
3: #include <sys/ioctl.h>
/* end */

--------------------

have_macro: checking for HAVE_RUBY_FIBER_SCHEDULER_H... -------------------- no

"gcc -fdeclspec -I/Users/manjeet/.rvm/rubies/ruby-3.0.0/include/ruby-3.0.0/x86_64-darwin20 -I/Users/manjeet/.rvm/rubies/ruby-3.0.0/include/ruby-3.0.0/ruby/backward -I/Users/manjeet/.rvm/rubies/ruby-3.0.0/include/ruby-3.0.0 -I. -D_XOPEN_SOURCE -D_DARWIN_C_SOURCE -D_DARWIN_UNLIMITED_SELECT -D_REENTRANT   -O3 -I/usr/local/opt/libyaml/include -I/usr/local/opt/libksba/include -I/usr/local/opt/readline/include -I/usr/local/opt/zlib/include -I/usr/local/opt/openssl@1.1/include -fno-common -pipe   -c conftest.c"
conftest.c:5:3: error: 
# error
  ^
conftest.c:6:1: error: expected identifier or '('
|:/ === HAVE_RUBY_FIBER_SCHEDULER_H undefined === /:|
^
2 errors generated.
checked program was:
/* begin */
1: #include "ruby.h"
2: 
3: /*top*/
4: #ifndef HAVE_RUBY_FIBER_SCHEDULER_H
5: # error
6: |:/ === HAVE_RUBY_FIBER_SCHEDULER_H undefined === /:|
7: #endif
/* end */

--------------------

have_func: checking for rb_scheduler_timeout()... -------------------- no

"gcc -fdeclspec -o conftest -I/Users/manjeet/.rvm/rubies/ruby-3.0.0/include/ruby-3.0.0/x86_64-darwin20 -I/Users/manjeet/.rvm/rubies/ruby-3.0.0/include/ruby-3.0.0/ruby/backward -I/Users/manjeet/.rvm/rubies/ruby-3.0.0/include/ruby-3.0.0 -I. -D_XOPEN_SOURCE -D_DARWIN_C_SOURCE -D_DARWIN_UNLIMITED_SELECT -D_REENTRANT   -O3 -I/usr/local/opt/libyaml/include -I/usr/local/opt/libksba/include -I/usr/local/opt/readline/include -I/usr/local/opt/zlib/include -I/usr/local/opt/openssl@1.1/include -fno-common -pipe conftest.c  -L. -L/Users/manjeet/.rvm/rubies/ruby-3.0.0/lib -L. -L/usr/local/opt/libyaml/lib -L/usr/local/opt/libksba/lib -L/usr/local/opt/readline/lib -L/usr/local/opt/zlib/lib -L/usr/local/opt/openssl@1.1/lib -fstack-protector-strong -L/usr/local/lib     -lruby.3.0   "
conftest.c:14:57: error: use of undeclared identifier 'rb_scheduler_timeout'
int t(void) { void ((*volatile p)()); p = (void ((*)()))rb_scheduler_timeout; return !p; }
                                                        ^
1 error generated.
checked program was:
/* begin */
 1: #include "ruby.h"
 2: 
 3: /*top*/
 4: extern int t(void);
 5: int main(int argc, char **argv)
 6: {
 7:   if (argc > 1000000) {
 8:     int (* volatile tp)(void)=(int (*)(void))&t;
 9:     printf("%d", (*tp)());
10:   }
11: 
12:   return !!argv[argc];
13: }
14: int t(void) { void ((*volatile p)()); p = (void ((*)()))rb_scheduler_timeout; return !p; }
/* end */

"gcc -fdeclspec -o conftest -I/Users/manjeet/.rvm/rubies/ruby-3.0.0/include/ruby-3.0.0/x86_64-darwin20 -I/Users/manjeet/.rvm/rubies/ruby-3.0.0/include/ruby-3.0.0/ruby/backward -I/Users/manjeet/.rvm/rubies/ruby-3.0.0/include/ruby-3.0.0 -I. -D_XOPEN_SOURCE -D_DARWIN_C_SOURCE -D_DARWIN_UNLIMITED_SELECT -D_REENTRANT   -O3 -I/usr/local/opt/libyaml/include -I/usr/local/opt/libksba/include -I/usr/local/opt/readline/include -I/usr/local/opt/zlib/include -I/usr/local/opt/openssl@1.1/include -fno-common -pipe conftest.c  -L. -L/Users/manjeet/.rvm/rubies/ruby-3.0.0/lib -L. -L/usr/local/opt/libyaml/lib -L/usr/local/opt/libksba/lib -L/usr/local/opt/readline/lib -L/usr/local/opt/zlib/lib -L/usr/local/opt/openssl@1.1/lib -fstack-protector-strong -L/usr/local/lib     -lruby.3.0   "
Undefined symbols for architecture x86_64:
  "_rb_scheduler_timeout", referenced from:
      _t in conftest-1f480f.o
ld: symbol(s) not found for architecture x86_64
clang: error: linker command failed with exit code 1 (use -v to see invocation)
checked program was:
/* begin */
 1: #include "ruby.h"
 2: 
 3: /*top*/
 4: extern int t(void);
 5: int main(int argc, char **argv)
 6: {
 7:   if (argc > 1000000) {
 8:     int (* volatile tp)(void)=(int (*)(void))&t;
 9:     printf("%d", (*tp)());
10:   }
11: 
12:   return !!argv[argc];
13: }
14: extern void rb_scheduler_timeout();
15: int t(void) { rb_scheduler_timeout(); return 0; }
/* end */

--------------------

